<?xml version="1.0" encoding="UTF-8"?>
<Site BuildName="(empty)"
	BuildStamp="20240507-0817-Experimental"
	Name="barracuda"
	Generator="ctest-3.22.1"
	CompilerName="/usr/bin/g++"
	CompilerVersion="11.4.0"
	OSName="Linux"
	Hostname="barracuda"
	OSRelease="6.5.0-28-generic"
	OSVersion="#29~22.04.1-Ubuntu SMP PREEMPT_DYNAMIC Thu Apr  4 14:39:20 UTC 2"
	OSPlatform="x86_64"
	Is64Bits="1"
	VendorString="GenuineIntel"
	VendorID="Intel Corporation"
	FamilyID="6"
	ModelID="154"
	ProcessorCacheSize="12288"
	NumberOfLogicalCPU="12"
	NumberOfPhysicalCPU="8"
	TotalVirtualMemory="2047"
	TotalPhysicalMemory="15653"
	LogicalProcessorsPerPhysical="1"
	ProcessorClockFrequency="3064.81"
	>
	<Testing>
		<StartDateTime>May 07 16:17 +08</StartDateTime>
		<StartTestTime>1715069872</StartTestTime>
		<TestList/>
		<EndDateTime>May 07 16:17 +08</EndDateTime>
		<EndTestTime>1715069872</EndTestTime>
		<ElapsedMinutes>0</ElapsedMinutes>
	</Testing>
</Site>
